Build started 4/19/2012 9:23:15 PM.
     1>Project "C:\Users\Harv\documents\visual studio 2010\Projects\licensePlateManufacturing\licensePlateManufacturing\licensePlateManufacturing.vcxproj" on node 2 (build target(s)).
     1>PrepareForBuild:
         Creating directory "C:\Users\Harv\documents\visual studio 2010\Projects\licensePlateManufacturing\Release\".
       InitializeBuildStatus:
         Creating "Release\licensePlateManufacturing.unsuccessfulbuild" because "AlwaysCreate" was specified.
       ClCompile:
         C:\Program Files (x86)\Microsoft Visual Studio 10.0\VC\bin\CL.exe /c /Zi /nologo /W3 /WX- /O2 /Oi /Oy- /GL /D WIN32 /D NDEBUG /D _CONSOLE /D _UNICODE /D UNICODE /Gm- /EHsc /MD /GS /Gy /fp:precise /Zc:wchar_t /Zc:forScope /Fo"Release\\" /Fd"Release\vc100.pdb" /Gd /TP /analyze- /errorReport:prompt ..\..\..\..\..\Dropbox\Working\licensePlateFactory\main.cpp
         main.cpp
     1>..\..\..\..\..\Dropbox\Working\licensePlateFactory\main.cpp(54): warning C4244: '=' : conversion from 'double' to 'int', possible loss of data
     1>..\..\..\..\..\Dropbox\Working\licensePlateFactory\main.cpp(65): warning C4244: '=' : conversion from 'double' to 'int', possible loss of data
     1>..\..\..\..\..\Dropbox\Working\licensePlateFactory\main.cpp(74): warning C4244: '=' : conversion from 'double' to 'int', possible loss of data
       Link:
         C:\Program Files (x86)\Microsoft Visual Studio 10.0\VC\bin\link.exe /ERRORREPORT:PROMPT /OUT:"C:\Users\Harv\documents\visual studio 2010\Projects\licensePlateManufacturing\Release\licensePlateManufacturing.exe" /INCREMENTAL:NO /NOLOGO kernel32.lib user32.lib gdi32.lib winspool.lib comdlg32.lib advapi32.lib shell32.lib ole32.lib oleaut32.lib uuid.lib odbc32.lib odbccp32.lib /MANIFEST /ManifestFile:"Release\licensePlateManufacturing.exe.intermediate.manifest" /MANIFESTUAC:"level='asInvoker' uiAccess='false'" /DEBUG /PDB:"C:\Users\Harv\documents\visual studio 2010\Projects\licensePlateManufacturing\Release\licensePlateManufacturing.pdb" /SUBSYSTEM:CONSOLE /OPT:REF /OPT:ICF /LTCG /TLBID:1 /DYNAMICBASE /NXCOMPAT /IMPLIB:"C:\Users\Harv\documents\visual studio 2010\Projects\licensePlateManufacturing\Release\licensePlateManufacturing.lib" /MACHINE:X86 Release\main.obj
         Generating code
         Finished generating code
         licensePlateManufacturing.vcxproj -> C:\Users\Harv\documents\visual studio 2010\Projects\licensePlateManufacturing\Release\licensePlateManufacturing.exe
       Manifest:
         C:\Program Files (x86)\Microsoft SDKs\Windows\v7.0A\bin\mt.exe /nologo /verbose /outputresource:"C:\Users\Harv\documents\visual studio 2010\Projects\licensePlateManufacturing\Release\licensePlateManufacturing.exe;#1" /manifest Release\licensePlateManufacturing.exe.intermediate.manifest
       FinalizeBuildStatus:
         Deleting file "Release\licensePlateManufacturing.unsuccessfulbuild".
         Touching "Release\licensePlateManufacturing.lastbuildstate".
     1>Done Building Project "C:\Users\Harv\documents\visual studio 2010\Projects\licensePlateManufacturing\licensePlateManufacturing\licensePlateManufacturing.vcxproj" (build target(s)).

Build succeeded.

Time Elapsed 00:00:01.40
